Traceback (most recent call last):
  File "/usr/local/lib/python3.9/site-packages/jupyter_cache/executors/utils.py", line 51, in single_nb_execution
    executenb(
  File "/usr/local/lib/python3.9/site-packages/nbclient/client.py", line 1093, in execute
    return NotebookClient(nb=nb, resources=resources, km=km, **kwargs).execute()
  File "/usr/local/lib/python3.9/site-packages/nbclient/util.py", line 84, in wrapped
    return just_run(coro(*args, **kwargs))
  File "/usr/local/lib/python3.9/site-packages/nbclient/util.py", line 62, in just_run
    return loop.run_until_complete(coro)
  File "/usr/local/Cellar/python@3.9/3.9.13/Frameworks/Python.framework/Versions/3.9/lib/python3.9/asyncio/base_events.py", line 647, in run_until_complete
    return future.result()
  File "/usr/local/lib/python3.9/site-packages/nbclient/client.py", line 559, in async_execute
    await self.async_execute_cell(
  File "/usr/local/lib/python3.9/site-packages/nbclient/client.py", line 854, in async_execute_cell
    self._check_raise_for_error(cell, exec_reply)
  File "/usr/local/lib/python3.9/site-packages/nbclient/client.py", line 756, in _check_raise_for_error
    raise CellExecutionError.from_cell_and_msg(cell, exec_reply_content)
nbclient.exceptions.CellExecutionError: An error occurred while executing the following cell:
------------------
def householder(a):
    v = a / (a[0] + np.copysign(np.linalg.norm(a), a[0]))
    v[0] = 1
    H = np.eye(a.shape[0])
    toto1 = 2 / np.dot(v, v) 
    print(toto1.shape)
    toto2 = np.dot(v[:, None], v[None, :])
    print(toto2.shape)
    H -= (toto1 * toto2)
    return H

def qr(A):
    m, n = A.shape
    Q = np.eye(m)
    for i in range(n - (m == n)):
        H = np.eye(m)
        H[i:, i:] = make_householder(A[i:, i])
        Q = np.dot(Q, H)
        A = np.dot(H, A)
    return Q, A


A = np.array([[12, -51, 4], [6, 167, -68], [-4, 24, -41]])
Q, R = qr(A)

print ("A=",A,"\n")
print ("Q=",Q,"\n")
print ("R=",R,"\n")
------------------

[0;31m---------------------------------------------------------------------------[0m
[0;31mNameError[0m                                 Traceback (most recent call last)
Input [0;32mIn [11][0m, in [0;36m<module>[0;34m[0m
[1;32m     20[0m     [38;5;28;01mreturn[39;00m Q, A
[1;32m     23[0m A [38;5;241m=[39m np[38;5;241m.[39marray([[[38;5;241m12[39m, [38;5;241m-[39m[38;5;241m51[39m, [38;5;241m4[39m], [[38;5;241m6[39m, [38;5;241m167[39m, [38;5;241m-[39m[38;5;241m68[39m], [[38;5;241m-[39m[38;5;241m4[39m, [38;5;241m24[39m, [38;5;241m-[39m[38;5;241m41[39m]])
[0;32m---> 24[0m Q, R [38;5;241m=[39m [43mqr[49m[43m([49m[43mA[49m[43m)[49m
[1;32m     26[0m [38;5;28mprint[39m ([38;5;124m"[39m[38;5;124mA=[39m[38;5;124m"[39m,A,[38;5;124m"[39m[38;5;130;01m\n[39;00m[38;5;124m"[39m)
[1;32m     27[0m [38;5;28mprint[39m ([38;5;124m"[39m[38;5;124mQ=[39m[38;5;124m"[39m,Q,[38;5;124m"[39m[38;5;130;01m\n[39;00m[38;5;124m"[39m)

Input [0;32mIn [11][0m, in [0;36mqr[0;34m(A)[0m
[1;32m     15[0m [38;5;28;01mfor[39;00m i [38;5;129;01min[39;00m [38;5;28mrange[39m(n [38;5;241m-[39m (m [38;5;241m==[39m n)):
[1;32m     16[0m     H [38;5;241m=[39m np[38;5;241m.[39meye(m)
[0;32m---> 17[0m     H[i:, i:] [38;5;241m=[39m [43mmake_householder[49m(A[i:, i])
[1;32m     18[0m     Q [38;5;241m=[39m np[38;5;241m.[39mdot(Q, H)
[1;32m     19[0m     A [38;5;241m=[39m np[38;5;241m.[39mdot(H, A)

[0;31mNameError[0m: name 'make_householder' is not defined
NameError: name 'make_householder' is not defined

