Traceback (most recent call last):
  File "/usr/local/lib/python3.9/site-packages/jupyter_cache/executors/utils.py", line 51, in single_nb_execution
    executenb(
  File "/usr/local/lib/python3.9/site-packages/nbclient/client.py", line 1093, in execute
    return NotebookClient(nb=nb, resources=resources, km=km, **kwargs).execute()
  File "/usr/local/lib/python3.9/site-packages/nbclient/util.py", line 84, in wrapped
    return just_run(coro(*args, **kwargs))
  File "/usr/local/lib/python3.9/site-packages/nbclient/util.py", line 62, in just_run
    return loop.run_until_complete(coro)
  File "/usr/local/Cellar/python@3.9/3.9.13/Frameworks/Python.framework/Versions/3.9/lib/python3.9/asyncio/base_events.py", line 647, in run_until_complete
    return future.result()
  File "/usr/local/lib/python3.9/site-packages/nbclient/client.py", line 559, in async_execute
    await self.async_execute_cell(
  File "/usr/local/lib/python3.9/site-packages/nbclient/client.py", line 854, in async_execute_cell
    self._check_raise_for_error(cell, exec_reply)
  File "/usr/local/lib/python3.9/site-packages/nbclient/client.py", line 756, in _check_raise_for_error
    raise CellExecutionError.from_cell_and_msg(cell, exec_reply_content)
nbclient.exceptions.CellExecutionError: An error occurred while executing the following cell:
------------------
from matplotlib.patches import Polygon

P = np.array([
        [3.0, 4.0, 1.0, 4.6],
        [0.2, 3.5, 2.0, 0.5]
    ])
H = np.array([
        [ 0.5, -0.2, 0.2, -0.1],
        [ 0.4,  0.4, 1.5, 0.6]
    ])
P_moved = P + H
plt.figure(figsize=(5,5))

plt.gca().add_artist(Polygon(P.T, alpha=0.2))
plt.gca().add_artist(Polygon(P_moved.T, alpha=0.3, color="r"))
for vector, origin in zip(H.T, P.T):
    plot_vector2d(vector, origin=origin)

plt.text(2.2, 1.8, "$P$", color="b", fontsize=18)
plt.text(2.0, 3.2, "$P+H$", color="r", fontsize=18)
plt.text(2.5, 0.5, "$H_{*,1}$", color="k", fontsize=18)
plt.text(4.1, 3.5, "$H_{*,2}$", color="k", fontsize=18)
plt.text(0.4, 2.6, "$H_{*,3}$", color="k", fontsize=18)
plt.text(4.4, 0.2, "$H_{*,4}$", color="k", fontsize=18)

plt.axis([0, 5, 0, 4])
plt.grid()
plt.show()
------------------

[0;31m---------------------------------------------------------------------------[0m
[0;31mNameError[0m                                 Traceback (most recent call last)
Input [0;32mIn [3][0m, in [0;36m<module>[0;34m[0m
[1;32m     15[0m plt[38;5;241m.[39mgca()[38;5;241m.[39madd_artist(Polygon(P_moved[38;5;241m.[39mT, alpha[38;5;241m=[39m[38;5;241m0.3[39m, color[38;5;241m=[39m[38;5;124m"[39m[38;5;124mr[39m[38;5;124m"[39m))
[1;32m     16[0m [38;5;28;01mfor[39;00m vector, origin [38;5;129;01min[39;00m [38;5;28mzip[39m(H[38;5;241m.[39mT, P[38;5;241m.[39mT):
[0;32m---> 17[0m     [43mplot_vector2d[49m(vector, origin[38;5;241m=[39morigin)
[1;32m     19[0m plt[38;5;241m.[39mtext([38;5;241m2.2[39m, [38;5;241m1.8[39m, [38;5;124m"[39m[38;5;124m$P$[39m[38;5;124m"[39m, color[38;5;241m=[39m[38;5;124m"[39m[38;5;124mb[39m[38;5;124m"[39m, fontsize[38;5;241m=[39m[38;5;241m18[39m)
[1;32m     20[0m plt[38;5;241m.[39mtext([38;5;241m2.0[39m, [38;5;241m3.2[39m, [38;5;124m"[39m[38;5;124m$P+H$[39m[38;5;124m"[39m, color[38;5;241m=[39m[38;5;124m"[39m[38;5;124mr[39m[38;5;124m"[39m, fontsize[38;5;241m=[39m[38;5;241m18[39m)

[0;31mNameError[0m: name 'plot_vector2d' is not defined
NameError: name 'plot_vector2d' is not defined

